[    0.000000] Linux version 4.15.0-147-generic (buildd@lcy01-amd64-028) (gcc version 7.5.0 (Ubuntu 7.5.0-3ubuntu1~18.04)) #151-Ubuntu SMP Fri Jun 18 19:21:19 UTC 2021 (Ubuntu 4.15.0-147.151-generic 4.15.18)
[    0.000000] Command line: BOOT_IMAGE=/boot/vmlinuz-4.15.0-147-generic root=LABEL=cloudimg-rootfs ro console=tty1 console=ttyS0
[    0.000000] KERNEL supported cpus:
[    0.000000]   Intel GenuineIntel
[    0.000000]   AMD AuthenticAMD
[    0.000000]   Centaur CentaurHauls
[    0.000000] x86/fpu: Supporting XSAVE feature 0x001: 'x87 floating point registers'
[    0.000000] x86/fpu: Supporting XSAVE feature 0x002: 'SSE registers'
[    0.000000] x86/fpu: Supporting XSAVE feature 0x004: 'AVX registers'
[    0.000000] x86/fpu: xstate_offset[2]:  576, xstate_sizes[2]:  256
[    0.000000] x86/fpu: Enabled xstate features 0x7, context size is 832 bytes, using 'standard' format.
[    0.000000] e820: BIOS-provided physical RAM map:
[    0.000000] BIOS-e820: [mem 0x0000000000000000-0x000000000009fbff] usable
[    0.000000] BIOS-e820: [mem 0x000000000009fc00-0x000000000009ffff] reserved
[    0.000000] BIOS-e820: [mem 0x00000000000f0000-0x00000000000fffff] reserved
[    0.000000] BIOS-e820: [mem 0x0000000000100000-0x000000007ffeffff] usable
[    0.000000] BIOS-e820: [mem 0x000000007fff0000-0x000000007fffffff] ACPI data
[    0.000000] BIOS-e820: [mem 0x00000000fec00000-0x00000000fec00fff] reserved
[    0.000000] BIOS-e820: [mem 0x00000000fee00000-0x00000000fee00fff] reserved
[    0.000000] BIOS-e820: [mem 0x00000000fffc0000-0x00000000ffffffff] reserved
[    0.000000] NX (Execute Disable) protection: active
[    0.000000] SMBIOS 2.5 present.
[    0.000000] DMI: innotek GmbH VirtualBox/VirtualBox, BIOS VirtualBox 12/01/2006
[    0.000000] Hypervisor detected: KVM
[    0.000000] e820: last_pfn = 0x7fff0 max_arch_pfn = 0x400000000
[    0.000000] MTRR: Disabled
[    0.000000] x86/PAT: MTRRs disabled, skipping PAT initialization too.
[    0.000000] CPU MTRRs all blank - virtualized system.
[    0.000000] x86/PAT: Configuration [0-7]: WB  WT  UC- UC  WB  WT  UC- UC  
[    0.000000] found SMP MP-table at [mem 0x0009fff0-0x0009ffff]
[    0.000000] Scanning 1 areas for low memory corruption
[    0.000000] RAMDISK: [mem 0x359d1000-0x36cdffff]
[    0.000000] ACPI: Early table checksum verification disabled
[    0.000000] ACPI: RSDP 0x00000000000E0000 000024 (v02 VBOX  )
[    0.000000] ACPI: XSDT 0x000000007FFF0030 00003C (v01 VBOX   VBOXXSDT 00000001 ASL  00000061)
[    0.000000] ACPI: FACP 0x000000007FFF00F0 0000F4 (v04 VBOX   VBOXFACP 00000001 ASL  00000061)
[    0.000000] ACPI: DSDT 0x000000007FFF0470 002325 (v02 VBOX   VBOXBIOS 00000002 INTL 20100528)
[    0.000000] ACPI: FACS 0x000000007FFF0200 000040
[    0.000000] ACPI: FACS 0x000000007FFF0200 000040
[    0.000000] ACPI: APIC 0x000000007FFF0240 00005C (v02 VBOX   VBOXAPIC 00000001 ASL  00000061)
[    0.000000] ACPI: SSDT 0x000000007FFF02A0 0001CC (v01 VBOX   VBOXCPUT 00000002 INTL 20100528)
[    0.000000] ACPI: Reserving FACP table memory at [mem 0x7fff00f0-0x7fff01e3]
[    0.000000] ACPI: Reserving DSDT table memory at [mem 0x7fff0470-0x7fff2794]
[    0.000000] ACPI: Reserving FACS table memory at [mem 0x7fff0200-0x7fff023f]
[    0.000000] ACPI: Reserving FACS table memory at [mem 0x7fff0200-0x7fff023f]
[    0.000000] ACPI: Reserving APIC table memory at [mem 0x7fff0240-0x7fff029b]
[    0.000000] ACPI: Reserving SSDT table memory at [mem 0x7fff02a0-0x7fff046b]
[    0.000000] No NUMA configuration found
[    0.000000] Faking a node at [mem 0x0000000000000000-0x000000007ffeffff]
[    0.000000] NODE_DATA(0) allocated [mem 0x7ffc5000-0x7ffeffff]
[    0.000000] kvm-clock: cpu 0, msr 0:7ff44001, primary cpu clock
[    0.000000] kvm-clock: Using msrs 4b564d01 and 4b564d00
[    0.000000] kvm-clock: using sched offset of 4365854902 cycles
[    0.000000] clocksource: kvm-clock: mask: 0xffffffffffffffff max_cycles: 0x1cd42e4dffb, max_idle_ns: 881590591483 ns
[    0.000000] Zone ranges:
[    0.000000]   DMA      [mem 0x0000000000001000-0x0000000000ffffff]
[    0.000000]   DMA32    [mem 0x0000000001000000-0x000000007ffeffff]
[    0.000000]   Normal   empty
[    0.000000]   Device   empty
[    0.000000] Movable zone start for each node
[    0.000000] Early memory node ranges
[    0.000000]   node   0: [mem 0x0000000000001000-0x000000000009efff]
[    0.000000]   node   0: [mem 0x0000000000100000-0x000000007ffeffff]
[    0.000000] Reserved but unavailable: 104 pages
[    0.000000] Initmem setup node 0 [mem 0x0000000000001000-0x000000007ffeffff]
[    0.000000] ACPI: PM-Timer IO Port: 0x4008
[    0.000000] IOAPIC[0]: apic_id 2, version 32, address 0xfec00000, GSI 0-23
[    0.000000] ACPI: INT_SRC_OVR (bus 0 bus_irq 0 global_irq 2 dfl dfl)
[    0.000000] ACPI: INT_SRC_OVR (bus 0 bus_irq 9 global_irq 9 low level)
[    0.000000] Using ACPI (MADT) for SMP configuration information
[    0.000000] smpboot: Allowing 2 CPUs, 0 hotplug CPUs
[    0.000000] PM: Registered nosave memory: [mem 0x00000000-0x00000fff]
[    0.000000] PM: Registered nosave memory: [mem 0x0009f000-0x0009ffff]
[    0.000000] PM: Registered nosave memory: [mem 0x000a0000-0x000effff]
[    0.000000] PM: Registered nosave memory: [mem 0x000f0000-0x000fffff]
[    0.000000] e820: [mem 0x80000000-0xfebfffff] available for PCI devices
[    0.000000] Booting paravirtualized kernel on KVM
[    0.000000] clocksource: refined-jiffies: mask: 0xffffffff max_cycles: 0xffffffff, max_idle_ns: 7645519600211568 ns
[    0.000000] random: get_random_bytes called from start_kernel+0x99/0x500 with crng_init=0
[    0.000000] setup_percpu: NR_CPUS:8192 nr_cpumask_bits:2 nr_cpu_ids:2 nr_node_ids:1
[    0.000000] percpu: Embedded 45 pages/cpu s147456 r8192 d28672 u1048576
[    0.000000] PV qspinlock hash table entries: 256 (order: 0, 4096 bytes)
[    0.000000] Built 1 zonelists, mobility grouping on.  Total pages: 515961
[    0.000000] Policy zone: DMA32
[    0.000000] Kernel command line: BOOT_IMAGE=/boot/vmlinuz-4.15.0-147-generic root=LABEL=cloudimg-rootfs ro console=tty1 console=ttyS0
[    0.000000] Memory: 2014912K/2096696K available (12300K kernel code, 2483K rwdata, 4320K rodata, 2448K init, 2724K bss, 81784K reserved, 0K cma-reserved)
[    0.000000] SLUB: HWalign=64, Order=0-3, MinObjects=0, CPUs=2, Nodes=1
[    0.000000] Kernel/User page tables isolation: enabled
[    0.000000] ftrace: allocating 39457 entries in 155 pages
[    0.004000] Hierarchical RCU implementation.
[    0.004000] 	RCU restricting CPUs from NR_CPUS=8192 to nr_cpu_ids=2.
[    0.004000] 	Tasks RCU enabled.
[    0.004000] RCU: Adjusting geometry for rcu_fanout_leaf=16, nr_cpu_ids=2
[    0.004000] NR_IRQS: 524544, nr_irqs: 440, preallocated irqs: 16
[    0.004000] Console: colour VGA+ 80x25
[    0.004000] console [tty1] enabled
[    0.004000] console [ttyS0] enabled
[    0.004000] ACPI: Core revision 20170831
[    0.004000] ACPI: 2 ACPI AML tables successfully acquired and loaded
[    0.004000] APIC: Switch to symmetric I/O mode setup
[    0.004000] x2apic enabled
[    0.004000] Switched APIC routing to physical x2apic.
[    0.004000] ..TIMER: vector=0x30 apic1=0 pin1=2 apic2=-1 pin2=-1
[    0.004007] tsc: Detected 2294.808 MHz processor
[    0.004930] Calibrating delay loop (skipped) preset value.. 4589.61 BogoMIPS (lpj=9179232)
[    0.008005] pid_max: default: 32768 minimum: 301
[    0.008980] Security Framework initialized
[    0.009822] Yama: becoming mindful.
[    0.010568] AppArmor: AppArmor initialized
[    0.016179] Dentry cache hash table entries: 262144 (order: 9, 2097152 bytes)
[    0.020029] Inode-cache hash table entries: 131072 (order: 8, 1048576 bytes)
[    0.021464] Mount-cache hash table entries: 4096 (order: 3, 32768 bytes)
[    0.024012] Mountpoint-cache hash table entries: 4096 (order: 3, 32768 bytes)
[    0.025707] Last level iTLB entries: 4KB 512, 2MB 8, 4MB 8
[    0.026806] Last level dTLB entries: 4KB 512, 2MB 32, 4MB 32, 1GB 0
[    0.028004] Spectre V1 : Mitigation: usercopy/swapgs barriers and __user pointer sanitization
[    0.029711] Spectre V2 : Mitigation: Full generic retpoline
[    0.032002] Spectre V2 : Spectre v2 / SpectreRSB mitigation: Filling RSB on context switch
[    0.033683] Speculative Store Bypass: Vulnerable
[    0.034692] SRBDS: Unknown: Dependent on hypervisor status
[    0.035771] MDS: Vulnerable: Clear CPU buffers attempted, no microcode
[    0.036197] Freeing SMP alternatives memory: 36K
[    0.148961] smpboot: CPU0: Intel(R) Core(TM) i5-3427U CPU @ 1.80GHz (family: 0x6, model: 0x3a, stepping: 0x9)
[    0.152121] Performance Events: unsupported p6 CPU model 58 no PMU driver, software events only.
[    0.156058] Hierarchical SRCU implementation.
[    0.157734] NMI watchdog: Perf event create on CPU 0 failed with -2
[    0.158959] NMI watchdog: Perf NMI watchdog permanently disabled
[    0.160056] smp: Bringing up secondary CPUs ...
[    0.161083] x86: Booting SMP configuration:
[    0.161956] .... node  #0, CPUs:      #1
[    0.004000] kvm-clock: cpu 1, msr 0:7ff44041, secondary cpu clock
[    0.171111] smp: Brought up 1 node, 2 CPUs
[    0.172009] smpboot: Max logical packages: 1
[    0.172966] smpboot: Total of 2 processors activated (9179.23 BogoMIPS)
[    0.176061] devtmpfs: initialized
[    0.176795] x86/mm: Memory block size: 128MB
[    0.177905] evm: security.selinux
[    0.178606] evm: security.SMACK64
[    0.179318] evm: security.SMACK64EXEC
[    0.180005] evm: security.SMACK64TRANSMUTE
[    0.180838] evm: security.SMACK64MMAP
[    0.181960] evm: security.apparmor
[    0.182769] evm: security.ima
[    0.183450] evm: security.capability
[    0.184142] clocksource: jiffies: mask: 0xffffffff max_cycles: 0xffffffff, max_idle_ns: 7645041785100000 ns
[    0.186148] futex hash table entries: 512 (order: 3, 32768 bytes)
[    0.187428] pinctrl core: initialized pinctrl subsystem
[    0.188140] RTC time: 11:35:33, date: 10/27/21
[    0.189254] NET: Registered protocol family 16
[    0.190241] audit: initializing netlink subsys (disabled)
[    0.192032] audit: type=2000 audit(1635334538.887:1): state=initialized audit_enabled=0 res=1
[    0.193744] cpuidle: using governor ladder
[    0.193744] cpuidle: using governor menu
[    0.193816] ACPI: bus type PCI registered
[    0.196017] acpiphp: ACPI Hot Plug PCI Controller Driver version: 0.5
[    0.197546] PCI: Using configuration type 1 for base access
[    0.204064] HugeTLB registered 2.00 MiB page size, pre-allocated 0 pages
[    0.208091] ACPI: Added _OSI(Module Device)
[    0.209115] ACPI: Added _OSI(Processor Device)
[    0.210015] ACPI: Added _OSI(3.0 _SCP Extensions)
[    0.210953] ACPI: Added _OSI(Processor Aggregator Device)
[    0.210953] ACPI: Added _OSI(Linux-Dell-Video)
[    0.212007] ACPI: Added _OSI(Linux-Lenovo-NV-HDMI-Audio)
[    0.212054] ACPI: Added _OSI(Linux-HPI-Hybrid-Graphics)
[    0.212777] ACPI: Executed 1 blocks of module-level executable AML code
[    0.218649] ACPI: Interpreter enabled
[    0.219445] ACPI: (supports S0 S5)
[    0.220000] ACPI: Using IOAPIC for interrupt routing
[    0.224329] PCI: Using host bridge windows from ACPI; if necessary, use "pci=nocrs" and report a bug
[    0.224329] ACPI: Enabled 2 GPEs in block 00 to 07
[    0.233487] ACPI: PCI Root Bridge [PCI0] (domain 0000 [bus 00-ff])
[    0.234750] acpi PNP0A03:00: _OSC: OS supports [ASPM ClockPM Segments MSI]
[    0.236587] acpi PNP0A03:00: _OSC: not requesting OS control; OS requires [ExtendedConfig ASPM ClockPM MSI]
[    0.238953] acpi PNP0A03:00: fail to add MMCONFIG information, can't access extended PCI configuration space under this bridge.
[    0.245384] PCI host bridge to bus 0000:00
[    0.246478] pci_bus 0000:00: root bus resource [io  0x0000-0x0cf7 window]
[    0.248007] pci_bus 0000:00: root bus resource [io  0x0d00-0xffff window]
[    0.249501] pci_bus 0000:00: root bus resource [mem 0x000a0000-0x000bffff window]
[    0.252004] pci_bus 0000:00: root bus resource [mem 0x80000000-0xfdffffff window]
[    0.253545] pci_bus 0000:00: root bus resource [bus 00-ff]
[    0.254582] pci 0000:00:01.1: legacy IDE quirk: reg 0x10: [io  0x01f0-0x01f7]
[    0.256009] pci 0000:00:01.1: legacy IDE quirk: reg 0x14: [io  0x03f6]
[    0.257676] pci 0000:00:01.1: legacy IDE quirk: reg 0x18: [io  0x0170-0x0177]
[    0.259082] pci 0000:00:01.1: legacy IDE quirk: reg 0x1c: [io  0x0376]
[    0.293917] pci 0000:00:07.0: quirk: [io  0x4000-0x403f] claimed by PIIX4 ACPI
[    0.295438] pci 0000:00:07.0: quirk: [io  0x4100-0x410f] claimed by PIIX4 SMB
[    0.317497] ACPI: PCI Interrupt Link [LNKA] (IRQs 5 9 10 *11)
[    0.319184] ACPI: PCI Interrupt Link [LNKB] (IRQs 5 9 *10 11)
[    0.320148] ACPI: PCI Interrupt Link [LNKC] (IRQs 5 *9 10 11)
[    0.321426] ACPI: PCI Interrupt Link [LNKD] (IRQs 5 9 10 *11)
[    0.323196] SCSI subsystem initialized
[    0.324105] pci 0000:00:02.0: vgaarb: setting as boot VGA device
[    0.325409] pci 0000:00:02.0: vgaarb: VGA device added: decodes=io+mem,owns=io+mem,locks=none
[    0.327136] pci 0000:00:02.0: vgaarb: bridge control possible
[    0.328004] vgaarb: loaded
[    0.328659] ACPI: bus type USB registered
[    0.329525] usbcore: registered new interface driver usbfs
[    0.330620] usbcore: registered new interface driver hub
[    0.332017] usbcore: registered new device driver usb
[    0.336029] EDAC MC: Ver: 3.0.0
[    0.337046] PCI: Using ACPI for IRQ routing
[    0.337046] NetLabel: Initializing
[    0.337046] NetLabel:  domain hash size = 128
[    0.340003] NetLabel:  protocols = UNLABELED CIPSOv4 CALIPSO
[    0.340003] NetLabel:  unlabeled traffic allowed by default
[    0.344113] clocksource: Switched to clocksource kvm-clock
[    0.371310] VFS: Disk quotas dquot_6.6.0
[    0.372232] VFS: Dquot-cache hash table entries: 512 (order 0, 4096 bytes)
[    0.373913] AppArmor: AppArmor Filesystem Enabled
[    0.375102] pnp: PnP ACPI init
[    0.377388] pnp: PnP ACPI: found 3 devices
[    0.384115] clocksource: acpi_pm: mask: 0xffffff max_cycles: 0xffffff, max_idle_ns: 2085701024 ns
[    0.386211] NET: Registered protocol family 2
[    0.387454] TCP established hash table entries: 16384 (order: 5, 131072 bytes)
[    0.389061] TCP bind hash table entries: 16384 (order: 6, 262144 bytes)
[    0.390404] TCP: Hash tables configured (established 16384 bind 16384)
[    0.396091] UDP hash table entries: 1024 (order: 3, 32768 bytes)
[    0.397631] UDP-Lite hash table entries: 1024 (order: 3, 32768 bytes)
[    0.399049] NET: Registered protocol family 1
[    0.399961] pci 0000:00:00.0: Limiting direct PCI/PCI transfers
[    0.401304] pci 0000:00:01.0: Activating ISA DMA hang workarounds
[    0.402571] pci 0000:00:02.0: Video device with shadowed ROM at [mem 0x000c0000-0x000dffff]
[    0.404371] Unpacking initramfs...
[    0.917782] Freeing initrd memory: 19516K
[    0.920020] clocksource: tsc: mask: 0xffffffffffffffff max_cycles: 0x21140cba57f, max_idle_ns: 440795318085 ns
[    0.922758] platform rtc_cmos: registered platform RTC device (no PNP device found)
[    0.924919] Scanning for low memory corruption every 60 seconds
[    0.927602] Initialise system trusted keyrings
[    0.928638] Key type blacklist registered
[    0.931295] workingset: timestamp_bits=36 max_order=19 bucket_order=0
[    0.939856] zbud: loaded
[    0.941617] squashfs: version 4.0 (2009/01/31) Phillip Lougher
[    0.943616] fuse init (API version 7.26)
[    0.950554] Key type asymmetric registered
[    0.951792] Asymmetric key parser 'x509' registered
[    0.953229] Block layer SCSI generic (bsg) driver version 0.4 loaded (major 246)
[    0.955607] io scheduler noop registered
[    0.956881] io scheduler deadline registered
[    0.959566] io scheduler cfq registered (default)
[    0.961456] ACPI: AC Adapter [AC] (on-line)
[    0.962809] input: Power Button as /devices/LNXSYSTM:00/LNXPWRBN:00/input/input0
[    0.968118] ACPI: Power Button [PWRF]
[    0.969283] input: Sleep Button as /devices/LNXSYSTM:00/LNXSLPBN:00/input/input1
[    0.971209] ACPI: Sleep Button [SLPF]
[    0.973032] Serial: 8250/16550 driver, 32 ports, IRQ sharing enabled
[    0.975083] ACPI: Battery Slot [BAT0] (battery present)
[    0.998892] 00:02: ttyS0 at I/O 0x3f8 (irq = 4, base_baud = 115200) is a 16550A
[    1.002247] Linux agpgart interface v0.103
[    1.004443] loop: module loaded
[    1.005746] scsi host0: ata_piix
[    1.006573] scsi host1: ata_piix
[    1.007297] ata1: PATA max UDMA/33 cmd 0x1f0 ctl 0x3f6 bmdma 0xd000 irq 14
[    1.008688] ata2: PATA max UDMA/33 cmd 0x170 ctl 0x376 bmdma 0xd008 irq 15
[    1.010716] libphy: Fixed MDIO Bus: probed
[    1.011563] tun: Universal TUN/TAP device driver, 1.6
[    1.012732] PPP generic driver version 2.4.2
[    1.014410] ehci_hcd: USB 2.0 'Enhanced' Host Controller (EHCI) Driver
[    1.016049] ehci-pci: EHCI PCI platform driver
[    1.017061] ehci-platform: EHCI generic platform driver
[    1.018135] ohci_hcd: USB 1.1 'Open' Host Controller (OHCI) Driver
[    1.019414] ohci-pci: OHCI PCI platform driver
[    1.020348] ohci-platform: OHCI generic platform driver
[    1.021401] uhci_hcd: USB Universal Host Controller Interface driver
[    1.022708] i8042: PNP: PS/2 Controller [PNP0303:PS2K,PNP0f03:PS2M] at 0x60,0x64 irq 1,12
[    1.025002] serio: i8042 KBD port at 0x60,0x64 irq 1
[    1.026092] serio: i8042 AUX port at 0x60,0x64 irq 12
[    1.027189] mousedev: PS/2 mouse device common for all mice
[    1.028785] input: AT Translated Set 2 keyboard as /devices/platform/i8042/serio0/input/input2
[    1.031580] rtc_cmos rtc_cmos: rtc core: registered rtc_cmos as rtc0
[    1.033169] rtc_cmos rtc_cmos: alarms up to one day, 114 bytes nvram
[    1.034447] i2c /dev entries driver
[    1.035270] device-mapper: uevent: version 1.0.3
[    1.036323] device-mapper: ioctl: 4.37.0-ioctl (2017-09-20) initialised: dm-devel@redhat.com
[    1.038090] ledtrig-cpu: registered to indicate activity on CPUs
[    1.039667] NET: Registered protocol family 10
[    1.044856] Segment Routing with IPv6
[    1.045736] NET: Registered protocol family 17
[    1.046786] Key type dns_resolver registered
[    1.048455] mce: Using 0 MCE banks
[    1.049294] RAS: Correctable Errors collector initialized.
[    1.050584] sched_clock: Marking stable (1048332898, 0)->(1577295120, -528962222)
[    1.052599] registered taskstats version 1
[    1.053458] Loading compiled-in X.509 certificates
[    1.057309] Loaded X.509 cert 'Build time autogenerated kernel key: 51fb7d4f1badf96545a23cd59566c79f3f9ecc26'
[    1.060165] Loaded X.509 cert 'Canonical Ltd. Live Patch Signing: 14df34d1a87cf37625abec039ef2bf521249b969'
[    1.063064] Loaded X.509 cert 'Canonical Ltd. Kernel Module Signing: 88f752e560a1e0737e31163a466ad7b70a850c19'
[    1.066238] zswap: loaded using pool lzo/zbud
[    1.071917] Key type big_key registered
[    1.072916] Key type trusted registered
[    1.076597] Key type encrypted registered
[    1.077673] AppArmor: AppArmor sha1 policy hashing enabled
[    1.078792] ima: No TPM chip found, activating TPM-bypass! (rc=-19)
[    1.080170] ima: Allocated hash algorithm: sha1
[    1.082712] evm: HMAC attrs: 0x1
[    1.086400]   Magic number: 9:250:581
[    1.087321] rtc_cmos rtc_cmos: setting system clock to 2021-10-27 11:35:33 UTC (1635334533)
[    1.089478] BIOS EDD facility v0.16 2004-Jun-25, 0 devices found
[    1.090757] EDD information not available.
[    1.208323] Freeing unused kernel image memory: 2448K
[    1.220083] Write protecting the kernel read-only data: 20480k
[    1.222080] Freeing unused kernel image memory: 2008K
[    1.223445] Freeing unused kernel image memory: 1824K
[    1.233333] x86/mm: Checked W+X mappings: passed, no W+X pages found.
[    1.235141] x86/mm: Checking user space page tables
[    1.244322] x86/mm: Checked W+X mappings: passed, no W+X pages found.
Loading, please wait...
starting version 237
[    1.372705] Fusion MPT base driver 3.04.20
[    1.373849] Copyright (c) 1999-2008 LSI Corporation
[    1.378865] e1000: Intel(R) PRO/1000 Network Driver - version 7.3.21-k8-NAPI
[    1.381021] e1000: Copyright (c) 1999-2006 Intel Corporation.
[    1.400340] AVX version of gcm_enc/dec engaged.
[    1.401594] AES CTR mode by8 optimization enabled
[    1.410316] Fusion MPT SPI Host driver 3.04.20
[    1.583100] input: ImExPS/2 Generic Explorer Mouse as /devices/platform/i8042/serio1/input/input4
[    1.984674] e1000 0000:00:03.0 eth0: (PCI:33MHz:32-bit) 02:c9:26:65:5d:a6
[    1.986118] e1000 0000:00:03.0 eth0: Intel(R) PRO/1000 Network Connection
[    1.995926] mptbase: ioc0: Initiating bringup
[    4.105153] ioc0: LSI53C1030 A0: Capabilities={Initiator}
[    8.099197] scsi host2: ioc0: LSI53C1030 A0, FwRev=00000000h, Ports=1, MaxQ=256, IRQ=20
[    9.872977] scsi 2:0:0:0: Direct-Access     VBOX     HARDDISK         1.0  PQ: 0 ANSI: 5
[    9.904172] scsi target2:0:0: Beginning Domain Validation
[    9.907297] scsi target2:0:0: Domain Validation skipping write tests
[    9.908713] scsi target2:0:0: Ending Domain Validation
[    9.910051] scsi target2:0:0: asynchronous
[    9.911781] scsi 2:0:1:0: Direct-Access     VBOX     HARDDISK         1.0  PQ: 0 ANSI: 5
[   10.268088] scsi target2:0:1: Beginning Domain Validation
[   10.271186] random: fast init done
[   10.272412] scsi target2:0:1: Domain Validation skipping write tests
[   10.274114] scsi target2:0:1: Ending Domain Validation
[   10.275975] scsi target2:0:1: asynchronous
[   10.289189] random: systemd-udevd: uninitialized urandom read (16 bytes read)
[   10.289554] sd 2:0:0:0: [sda] 83886080 512-byte logical blocks: (42.9 GB/40.0 GiB)
[   10.291844] random: systemd-udevd: uninitialized urandom read (16 bytes read)
[   10.304895] sd 2:0:0:0: [sda] Write Protect is off
[   10.310340] sd 2:0:0:0: Attached scsi generic sg0 type 0
[   10.311953] sd 2:0:0:0: [sda] Incomplete mode parameter data
[   10.314225] sd 2:0:0:0: [sda] Assuming drive cache: write through
[   10.317956] sd 2:0:1:0: [sdb] 20480 512-byte logical blocks: (10.5 MB/10.0 MiB)
[   10.321107] sd 2:0:1:0: [sdb] Write Protect is off
[   10.322020] random: systemd-udevd: uninitialized urandom read (16 bytes read)
[   10.324367] sd 2:0:1:0: Attached scsi generic sg1 type 0
[   10.326090] sd 2:0:1:0: [sdb] Incomplete mode parameter data
[   10.327240] sd 2:0:1:0: [sdb] Assuming drive cache: write through
[   10.328282] e1000 0000:00:08.0 eth1: (PCI:33MHz:32-bit) 08:00:27:e3:86:1e
[   10.330620] e1000 0000:00:08.0 eth1: Intel(R) PRO/1000 Network Connection
[   10.334591] e1000 0000:00:08.0 enp0s8: renamed from eth1
[   10.365302] e1000 0000:00:03.0 enp0s3: renamed from eth0
[   10.390463]  sda: sda1
[   10.391797] sd 2:0:0:0: [sda] Attached SCSI disk
[   10.409178] sd 2:0:1:0: [sdb] Attached SCSI disk
Begin: Loading essential drivers ... [   12.645169] raid6: sse2x1   gen()  6626 MB/s
[   12.692084] raid6: sse2x1   xor()  5114 MB/s
[   12.751582] raid6: sse2x2   gen()  7333 MB/s
[   12.800312] raid6: sse2x2   xor()  2966 MB/s
[   12.848070] raid6: sse2x4   gen()  8210 MB/s
[   12.896072] raid6: sse2x4   xor()  5834 MB/s
[   12.897364] raid6: using algorithm sse2x4 gen() 8210 MB/s
[   12.898939] raid6: .... xor() 5834 MB/s, rmw enabled
[   12.900182] raid6: using ssse3x2 recovery algorithm
[   12.903099] xor: automatically using best checksumming function   avx       
[   12.905922] async_tx: api initialized (async)
done.
Begin: Running /scripts/init-premount ... done.
Begin: Mounting root file system ... Begin: Running /scripts/local-top ... done.
Begin: Running /scripts/local-premount ... [   12.969563] Btrfs loaded, crc32c=crc32c-intel
Scanning for Btrfs filesystems
done.
Warning: fsck not present, so skipping root file system
[   13.202044] EXT4-fs (sda1): mounted filesystem with ordered data mode. Opts: (null)
done.
Begin: Running /scripts/local-bottom ... done.
Begin: Running /scripts/init-bottom ... done.
[   14.463558] ip_tables: (C) 2000-2006 Netfilter Core Team
[   14.596324] systemd[1]: systemd 237 running in system mode. (+PAM +AUDIT +SELINUX +IMA +APPARMOR +SMACK +SYSVINIT +UTMP +LIBCRYPTSETUP +GCRYPT +GNUTLS +ACL +XZ +LZ4 +SECCOMP +BLKID +ELFUTILS +KMOD -IDN2 +IDN -PCRE2 default-hierarchy=hybrid)
[   14.600655] systemd[1]: Detected virtualization oracle.
[   14.601769] systemd[1]: Detected architecture x86-64.

Welcome to [1mUbuntu 18.04.5 LTS[0m!

[   14.641368] systemd[1]: Set hostname to <ubuntu>.
[   14.743901] systemd[1]: Initializing machine ID from random generator.
[   14.747653] systemd[1]: Installed transient /etc/machine-id file.
[   14.968388] random: crng init done
[   14.984349] random: 7 urandom warning(s) missed due to ratelimiting
[   18.120455] systemd[1]: Created slice User and Session Slice.
[[0;32m  OK  [0m] Created slice User and Session Slice.
[   18.124908] systemd[1]: Reached target Swap.
[[0;32m  OK  [0m] Reached target Swap.
[   18.126741] systemd[1]: Reached target System Time Synchronized.
[[0;32m  OK  [0m] Reached target System Time Synchronized.
[   18.129167] systemd[1]: Started Forward Password Requests to Wall Directory Watch.
[[0;32m  OK  [0m] Started Forward Password Requests to Wall Directory Watch.
[[0;32m  OK  [0m] Created slice System Slice.
[[0;32m  OK  [0m] Listening on /dev/initctl Compatibility Named Pipe.
[[0;32m  OK  [0m] Listening on Network Service Netlink Socket.
[[0;32m  OK  [0m] Listening on Device-mapper event daemon FIFOs.
[[0;32m  OK  [0m] Listening on LVM2 poll daemon socket.
[[0;32m  OK  [0m] Listening on Journal Audit Socket.
[[0;32m  OK  [0m] Listening on udev Kernel Socket.
[[0;32m  OK  [0m] Listening on udev Control Socket.
[[0;32m  OK  [0m] Reached target Slices.
[[0;32m  OK  [0m] Listening on Syslog Socket.
[[0;32m  OK  [0m] Listening on Journal Socket.
         Starting Set the console keyboard layout...
         Starting udev Coldplug all Devices...
         Starting Create list of required st…ce nodes for the current kernel...
         Starting Uncomplicated firewall...
         Mounting Kernel Debug File System...
         Mounting Huge Pages File System...
[[0;32m  OK  [0m] Listening on Journal Socket (/dev/log).
[[0;32m  OK  [0m] Created slice system-serial\x2dgetty.slice.
         Starting Load Kernel Modules...
[[0;32m  OK  [0m] Listening on LVM2 metadata daemon socket.
         Starting Monitoring of LVM2 mirrors…ng dmeventd or progress polling...
[[0;32m  OK  [0m] Set up automount Arbitrary Executab…rmats File System Automount Point.
[[0;32m  OK  [0m] Listening on fsck to fsckd communication Socket.
         Starting File System Check on Root Device...
         Starting Journal Service...
[[0;32m  OK  [0m] Reached target User and Group Name Lookups.
         Mounting POSIX Message Queue File System...
[[0;32m  OK  [0m] Started Create list of required sta…vice nodes for the current kernel.
[[0;32m  OK  [0m] Started Uncomplicated firewall.
[[0;32m  OK  [0m] Mounted Kernel Debug File System.
[[0;32m  OK  [0m] Mounted Huge Pages File System.
[[0;32m  OK  [0m] Mounted POSIX Message Queue File System.
[[0;32m  OK  [0m] Started File System Check Daemon to report status.
         Starting Create Static Device Nodes in /dev...
[   18.711524] Loading iSCSI transport class v2.0-870.
[[0;32m  OK  [0m] Started Journal Service.
[[0;32m  OK  [0m] Started udev Coldplug all Devices.
[[0;32m  OK  [0m] Started File System Check on Root Device.
         Starting Remount Root and Kernel File Systems...
[[0;32m  OK  [0m] Started Set the console keyboard layout.
[   19.136470] iscsi: registered transport (tcp)
[   19.247676] EXT4-fs (sda1): re-mounted. Opts: (null)
[[0;32m  OK  [0m] Started Remount Root and Kernel File Systems.
         Starting Load/Save Random Seed...
         Starting Flush Journal to Persistent Storage...
[[0;32m  OK  [0m] Started Create Static Device Nodes in /dev.
[[0;32m  OK  [0m] Started LVM2 metadata daemon.
         Starting udev Kernel Device Manager...
[[0;32m  OK  [0m] Started Load/Save Random Seed.
[   19.537172] systemd-journald[404]: Received request to flush runtime journal from PID 1
[   19.808187] iscsi: registered transport (iser)
[[0;32m  OK  [0m] Started Load Kernel Modules.
         Mounting Kernel Configuration File System...
         Starting Apply Kernel Variables...
         Mounting FUSE Control File System...
[[0;32m  OK  [0m] Started Flush Journal to Persistent Storage.
[[0;32m  OK  [0m] Mounted Kernel Configuration File System.
[[0;32m  OK  [0m] Mounted FUSE Control File System.
[[0;32m  OK  [0m] Started Monitoring of LVM2 mirrors,…sing dmeventd or progress polling.
[[0;32m  OK  [0m] Reached target Local File Systems (Pre).
[[0;32m  OK  [0m] Reached target Local File Systems.
         Starting Set console font and keymap...
         Starting AppArmor initialization...
         Starting Tell Plymouth To Write Out Runtime Data...
         Starting Create Volatile Files and Directories...
         Starting Commit a transient machine-id on disk...
         Starting ebtables ruleset management...
[[0;32m  OK  [0m] Started udev Kernel Device Manager.
[[0;32m  OK  [0m] Started Dispatch Password Requests to Console Directory Watch.
[[0;32m  OK  [0m] Reached target Local Encrypted Volumes.
[[0;32m  OK  [0m] Started Set console font and keymap.
[[0;32m  OK  [0m] Started Tell Plymouth To Write Out Runtime Data.
[[0;32m  OK  [0m] Started Apply Kernel Variables.
[[0;32m  OK  [0m] Started Create Volatile Files and Directories.
         Starting Update UTMP about System Boot/Shutdown...
[[0;32m  OK  [0m] Started Commit a transient machine-id on disk.
[[0;32m  OK  [0m] Started Update UTMP about System Boot/Shutdown.
[[0;32m  OK  [0m] Started ebtables ruleset management.
[[0;32m  OK  [0m] Found device /dev/ttyS0.
[[0;32m  OK  [0m] Listening on Load/Save RF Kill Switch Status /dev/rfkill Watch.
[[0;32m  OK  [0m] Started AppArmor initialization.
         Starting Load AppArmor profiles managed internally by snapd...
         Starting Initial cloud-init job (pre-networking)...
[[0;32m  OK  [0m] Started Load AppArmor profiles managed internally by snapd.
[   30.582049] cloud-init[551]: Cloud-init v. 21.2-3-g899bfaa9-0ubuntu2~18.04.1 running 'init-local' at Wed, 27 Oct 2021 11:36:01 +0000. Up 29.47 seconds.
[[0;32m  OK  [0m] Started Initial cloud-init job (pre-networking).
[[0;32m  OK  [0m] Reached target Network (Pre).
         Starting Network Service...
[[0;32m  OK  [0m] Started Network Service.
         Starting Network Name Resolution...
         Starting Wait for Network to be Configured...
[[0;32m  OK  [0m] Started Network Name Resolution.
[[0;32m  OK  [0m] Reached target Network.
[[0;32m  OK  [0m] Reached target Host and Network Name Lookups.
[[0;32m  OK  [0m] Started Wait for Network to be Configured.
         Starting Initial cloud-init job (metadata service crawler)...
[   34.022803] cloud-init[658]: Cloud-init v. 21.2-3-g899bfaa9-0ubuntu2~18.04.1 running 'init' at Wed, 27 Oct 2021 11:36:06 +0000. Up 33.61 seconds.
[   34.025960] cloud-init[658]: ci-info: ++++++++++++++++++++++++++++++++++++++Net device info+++++++++++++++++++++++++++++++++++++++
[   34.028383] cloud-init[658]: ci-info: +--------+-------+----------------------------+---------------+--------+-------------------+
[   34.031103] cloud-init[658]: ci-info: | Device |   Up  |          Address           |      Mask     | Scope  |     Hw-Address    |
[   34.033512] cloud-init[658]: ci-info: +--------+-------+----------------------------+---------------+--------+-------------------+
[   34.036331] cloud-init[658]: ci-info: | enp0s3 |  True |         10.0.2.15          | 255.255.255.0 | global | 02:c9:26:65:5d:a6 |
[   34.038993] cloud-init[658]: ci-info: | enp0s3 |  True | fe80::c9:26ff:fe65:5da6/64 |       .       |  link  | 02:c9:26:65:5d:a6 |
[   34.041602] cloud-init[658]: ci-info: | enp0s8 | False |             .              |       .       |   .    | 08:00:27:e3:86:1e |
[   34.043741] cloud-init[658]: ci-info: |   lo   |  True |         127.0.0.1          |   255.0.0.0   |  host  |         .         |
[   34.045937] cloud-init[658]: ci-info: |   lo   |  True |          ::1/128           |       .       |  host  |         .         |
[   34.048404] cloud-init[658]: ci-info: +--------+-------+----------------------------+---------------+--------+-------------------+
[   34.050775] cloud-init[658]: ci-info: ++++++++++++++++++++++++++++Route IPv4 info+++++++++++++++++++++++++++++
[   34.052932] cloud-init[658]: ci-info: +-------+-------------+----------+-----------------+-----------+-------+
[   34.055556] cloud-init[658]: ci-info: | Route | Destination | Gateway  |     Genmask     | Interface | Flags |
[   34.057371] cloud-init[658]: ci-info: +-------+-------------+----------+-----------------+-----------+-------+
[   34.059552] cloud-init[658]: ci-info: |   0   |   0.0.0.0   | 10.0.2.2 |     0.0.0.0     |   enp0s3  |   UG  |
[   34.062012] cloud-init[658]: ci-info: |   1   |   10.0.2.0  | 0.0.0.0  |  255.255.255.0  |   enp0s3  |   U   |
[   34.064520] cloud-init[658]: ci-info: |   2   |   10.0.2.2  | 0.0.0.0  | 255.255.255.255 |   enp0s3  |   UH  |
[   34.067580] cloud-init[658]: ci-info: +-------+-------------+----------+-----------------+-----------+-------+
[   34.070076] cloud-init[658]: ci-info: +++++++++++++++++++Route IPv6 info+++++++++++++++++++
[   34.071890] cloud-init[658]: ci-info: +-------+-------------+---------+-----------+-------+
[   34.073514] cloud-init[658]: ci-info: | Route | Destination | Gateway | Interface | Flags |
[   34.075307] cloud-init[658]: ci-info: +-------+-------------+---------+-----------+-------+
[   34.077152] cloud-init[658]: ci-info: |   1   |  fe80::/64  |    ::   |   enp0s3  |   U   |
[   34.078973] cloud-init[658]: ci-info: |   3   |    local    |    ::   |   enp0s3  |   U   |
[   34.080853] cloud-init[658]: ci-info: |   4   |   ff00::/8  |    ::   |   enp0s3  |   U   |
[   34.082534] cloud-init[658]: ci-info: +-------+-------------+---------+-----------+-------+
[   37.332941] cloud-init[658]: Generating public/private rsa key pair.
[   37.335092] cloud-init[658]: Your identification has been saved in /etc/ssh/ssh_host_rsa_key.
[   37.336952] cloud-init[658]: Your public key has been saved in /etc/ssh/ssh_host_rsa_key.pub.
[   37.352358] cloud-init[658]: The key fingerprint is:
[   37.353499] cloud-init[658]: SHA256:tuuo+mXgyFzBpk2hpgNxXBouCRn0fsV9xU39g+mq+60 root@ubuntu-bionic
[   37.355473] cloud-init[658]: The key's randomart image is:
[   37.364324] cloud-init[658]: +---[RSA 2048]----+
[   37.365283] cloud-init[658]: |==o.o       ..o..|
[   37.366344] cloud-init[658]: |o=o= .. .   .. ..|
[   37.367466] cloud-init[658]: |+ =.=  o . .  o .|
[   37.368593] cloud-init[658]: |.+.= ..   .  o ..|
[   37.369753] cloud-init[658]: |o ..+.  S   .   .|
[   37.380470] cloud-init[658]: | + +.. . .   .   |
[   37.381545] cloud-init[658]: |  + . o .   .    |
[   37.382531] cloud-init[658]: |     o . . ..    |
[   37.383564] cloud-init[658]: |  .oo...oo+E..   |
[   37.384488] cloud-init[658]: +----[SHA256]-----+
[   37.385355] cloud-init[658]: Generating public/private dsa key pair.
[   37.386542] cloud-init[658]: Your identification has been saved in /etc/ssh/ssh_host_dsa_key.
[   37.388200] cloud-init[658]: Your public key has been saved in /etc/ssh/ssh_host_dsa_key.pub.
[   37.389692] cloud-init[658]: The key fingerprint is:
[   37.390529] cloud-init[658]: SHA256:gqmJVjmMA+rO8ld2DColnP5DnL6v0Ed49jXzOsqziRw root@ubuntu-bionic
[   37.391945] cloud-init[658]: The key's randomart image is:
[   37.392905] cloud-init[658]: +---[DSA 1024]----+
[   37.408420] cloud-init[658]: |                 |
[   37.409620] cloud-init[658]: |                 |
[   37.410755] cloud-init[658]: |.. .             |
[   37.411875] cloud-init[658]: |o * o+.          |
[   37.412931] cloud-init[658]: |.+ O+o=oS +      |
[   37.413883] cloud-init[658]: |..=+*+ooo. +     |
[   37.414752] cloud-init[658]: |.o+=.oE..   .    |
[   37.424509] cloud-init[658]: |=  .=o +....     |
[   37.425530] cloud-init[658]: |.+..o=+ =+..     |
[   37.426524] cloud-init[658]: +----[SHA256]-----+
[   37.427569] cloud-init[658]: Generating public/private ecdsa key pair.
[   37.428994] cloud-init[658]: Your identification has been saved in /etc/ssh/ssh_host_ecdsa_key.
[   37.430566] cloud-init[658]: Your public key has been saved in /etc/ssh/ssh_host_ecdsa_key.pub.
[   37.432420] cloud-init[658]: The key fingerprint is:
[   37.433738] cloud-init[658]: SHA256:X3fWuzDXxPo70XVBSQBKmqhNzrQlzBIRlgMJnJLMntM root@ubuntu-bionic
[   37.434893] cloud-init[658]: The key's randomart image is:
[   37.436097] cloud-init[658]: +---[ECDSA 256]---+
[   37.437350] cloud-init[658]: |*o+=+    . ...+o.|
[   37.452310] cloud-init[658]: |o*.o+ . + .    o |
[   37.453426] cloud-init[658]: |o o..B + .      .|
[   37.454358] cloud-init[658]: | + EO +        .+|
[   37.455776] cloud-init[658]: |  .. =  S   . . X|
[   37.472487] cloud-init[658]: |         . . . *+|
[   37.473615] cloud-init[658]: |          .  o.oo|
[[   37.484432] cloud-init[658]: |              +o.|
[   37.484578] cloud-init[658]: |               o+|
[   37.485320] cloud-init[658]: +----[SHA256]-----+
[   37.486224] cloud-init[658]: Generating public/private ed25519 key pair.
[   37.486909] cloud-init[658]: Your identification has been saved in /etc/ssh/ssh_host_ed25519_key.
[   37.487577] cloud-init[658]: Your public key has been saved in /etc/ssh/ssh_host_ed25519_key.pub.
[   37.488544] cloud-init[658]: The key fingerprint is:
[0;32m  OK  [0m] Started Initial cloud-init job (metadata service crawler).
[   37.490813] cloud-init[658]: SHA256:r/GCzvpqraVcEL+pQP3OROnr2g3w6qd/6AcVQFXfaaI root@ubuntu-bionic
[   37.495929] cloud-init[658]: The key's randomart image is:
[   37.497297] cloud-init[658]: +--[ED25519 256]--+
[[   37.498346] cloud-init[658]: |     .oo...      |
[   37.498514] cloud-init[658]: |        .  . . . |
[   37.499483] cloud-init[658]: |    .    .  o +  |
[   37.500470] cloud-init[658]: |   . o ..  . o   |
[   37.500975] cloud-init[658]: |  . + +.S E      |
[   37.501738] cloud-init[658]: | .   B.o .       |
[   37.502981] cloud-init[658]: |  .  .@+. .      |
[0;32m  OK  [0m] Reached target System Initialization.
[   37.503387] cloud-init[658]: |   o.%=+++       |
[[   37.519938] cloud-init[658]: |   o%&%oo..      |
[   37.520150] cloud-init[658]: +----[SHA256]-----+
[0;32m  OK  [0m] Listening on UUID daemon activation socket.
[[0;32m  OK  [0m] Started Daily Cleanup of Temporary Directories.
[[0;32m  OK  [0m] Started Ubuntu Advantage update messaging.
[[0;32m  OK  [0m] Started ACPI Events Check.
[[0;32m  OK  [0m] Reached target Paths.
         Starting LXD - unix socket.
[[0;32m  OK  [0m] Started Message of the Day.
         Starting Socket activation for snappy daemon.
[[0;32m  OK  [0m] Listening on ACPID Listen Socket.
[[0;32m  OK  [0m] Started Discard unused blocks once a week.
[[0;32m  OK  [0m] Started Daily apt download activities.
[[0;32m  OK  [0m] Listening on D-Bus System Message Bus Socket.
[[0;32m  OK  [0m] Started Daily apt upgrade and clean activities.
[[0;32m  OK  [0m] Reached target Timers.
[[0;32m  OK  [0m] Listening on Open-iSCSI iscsid Socket.
[[0;32m  OK  [0m] Reached target Cloud-config availability.
[[0;32m  OK  [0m] Reached target Network is Online.
         Starting Availability of block devices...
[[0;32m  OK  [0m] Reached target Remote File Systems (Pre).
[[0;32m  OK  [0m] Reached target Remote File Systems.
[[0;32m  OK  [0m] Listening on LXD - unix socket.
[[0;32m  OK  [0m] Listening on Socket activation for snappy daemon.
[[0;32m  OK  [0m] Started Availability of block devices.
[[0;32m  OK  [0m] Reached target Sockets.
[[0;32m  OK  [0m] Reached target Basic System.
[[0;32m  OK  [0m] Started irqbalance daemon.
[[0;32m  OK  [0m] Started FUSE filesystem for LXC.
         Starting Pollinate to seed the pseudo random number generator...
         Starting LSB: automatic crash report generation...
         Starting System Logging Service...
         Starting LSB: Record successful boot for GRUB...
[[0;32m  OK  [0m] Started D-Bus System Message Bus.
         Starting Dispatcher daemon for systemd-networkd...
         Starting Login Service...
         Starting Virtualbox guest utils...
         Starting Accounts Service...
[[0;32m  OK  [0m] Started Regular background program processing daemon.
         Starting Permit User Sessions...
[[0;32m  OK  [0m] Started Deferred execution scheduler.
         Starting Snap Daemon...
         Starting LXD - container startup/shutdown...
[[0;32m  OK  [0m] Started System Logging Service.
[[0;32m  OK  [0m] Started Permit User Sessions.
         Starting Terminate Plymouth Boot Screen...
         Starting Hold until boot process finishes up...
[[0;32m  OK  [0m] Started Hold until boot process finishes up.
[[0;32m  OK  [0m] Started Serial Getty on ttyS0.
         Starting Set console scheme...
[[0;32m  OK  [0m] Started Terminate Plymouth Boot Screen.
[[0;32m  OK  [0m] Started Login Service.
[[0;32m  OK  [0m] Started Unattended Upgrades Shutdown.
[[0;32m  OK  [0m] Started Set console scheme.
[[0;32m  OK  [0m] Created slice system-getty.slice.
[[0;32m  OK  [0m] Started Getty on tty1.
[[0;32m  OK  [0m] Reached target Login Prompts.
[[0;32m  OK  [0m] Started LSB: automatic crash report generation.
[[0;32m  OK  [0m] Started LSB: Record successful boot for GRUB.
         Starting Authorization Manager...
[[0;32m  OK  [0m] Started Authorization Manager.
[[0;32m  OK  [0m] Started Accounts Service.
[[0;32m  OK  [0m] Started Virtualbox guest utils.
[[0;32m  OK  [0m] Started Dispatcher daemon for systemd-networkd.

Ubuntu 18.04.5 LTS ubuntu-bionic ttyS0

ubuntu-bionic login: [   50.082611] cloud-init[1313]: Cloud-init v. 21.2-3-g899bfaa9-0ubuntu2~18.04.1 running 'modules:config' at Wed, 27 Oct 2021 11:36:18 +0000. Up 46.30 seconds.
ci-info: no authorized SSH keys fingerprints found for user ubuntu.
<14>Oct 27 11:36:23 cloud-init: #############################################################
<14>Oct 27 11:36:23 cloud-init: -----BEGIN SSH HOST KEY FINGERPRINTS-----
<14>Oct 27 11:36:23 cloud-init: 1024 SHA256:gqmJVjmMA+rO8ld2DColnP5DnL6v0Ed49jXzOsqziRw root@ubuntu-bionic (DSA)
<14>Oct 27 11:36:23 cloud-init: 256 SHA256:X3fWuzDXxPo70XVBSQBKmqhNzrQlzBIRlgMJnJLMntM root@ubuntu-bionic (ECDSA)
<14>Oct 27 11:36:23 cloud-init: 256 SHA256:r/GCzvpqraVcEL+pQP3OROnr2g3w6qd/6AcVQFXfaaI root@ubuntu-bionic (ED25519)
<14>Oct 27 11:36:23 cloud-init: 2048 SHA256:tuuo+mXgyFzBpk2hpgNxXBouCRn0fsV9xU39g+mq+60 root@ubuntu-bionic (RSA)
<14>Oct 27 11:36:23 cloud-init: -----END SSH HOST KEY FINGERPRINTS-----
<14>Oct 27 11:36:23 cloud-init: #############################################################
-----BEGIN SSH HOST KEY KEYS-----
ecdsa-sha2-nistp256 AAAAE2VjZHNhLXNoYTItbmlzdHAyNTYAAAAIbmlzdHAyNTYAAABBBKoxOVVoxNwixMj2b2thYEKYJRD3xmvm8C8nvh9tyVXV9/y1WR5jjBl4lWRlFRNj6Z0oFJaSY7nNqKEnzxwKw9U= root@ubuntu-bionic
ssh-ed25519 AAAAC3NzaC1lZDI1NTE5AAAAIBqRKW9E4haUxHOaVlHr3KvHhHm/t7/B0z98Ha2+kSaW root@ubuntu-bionic
ssh-rsa AAAAB3NzaC1yc2EAAAADAQABAAABAQCzxJ2kSaFxxoOvkkBLbt+Fo3kwxDydifD08VaJpBCnFNFwKamS34vZotWPpsWl0zwF77OZd+RaqUkXMqjYboGHvlJN6aHqQKkTvaIRf7zfd+4AkYdW6ewrtwJ77Wzy1qo1ipv1wvrnyR3kqYkPgysCEyXqqcIdXoDWmxGPSbYv0u3OCvUMugLmHCwuDq7SQIOIy95WfyqjFRXP+UVub+pHKGPluFlBoiYLmptQSC9Vg01Hy6dvythEPSQVifoXE8wW7j2/0M2cHpFuEYGqc8xkXNNG6iQMnh++Dft5vMf3TLk3CXAKrnUC53Shrlx1QokkTODISY54HxVdyECEPwlP root@ubuntu-bionic
-----END SSH HOST KEY KEYS-----
[   51.397911] cloud-init[1454]: Cloud-init v. 21.2-3-g899bfaa9-0ubuntu2~18.04.1 running 'modules:final' at Wed, 27 Oct 2021 11:36:23 +0000. Up 50.89 seconds.
[   51.398138] cloud-init[1454]: ci-info: no authorized SSH keys fingerprints found for user ubuntu.
[   51.398244] cloud-init[1454]: Cloud-init v. 21.2-3-g899bfaa9-0ubuntu2~18.04.1 finished at Wed, 27 Oct 2021 11:36:23 +0000. Datasource DataSourceNoCloud [seed=/dev/sdb][dsmode=net].  Up 51.37 seconds
